<?xml version="1.0" encoding="UTF-8"?>
<testng-results skipped="0" failed="0" total="1" passed="1">
  <reporter-output>
  </reporter-output>
  <suite name="Suite" duration-ms="31041" started-at="2016-04-20T06:27:37Z" finished-at="2016-04-20T06:28:08Z">
    <groups>
    </groups>
    <test name="Test" duration-ms="31041" started-at="2016-04-20T06:27:37Z" finished-at="2016-04-20T06:28:08Z">
      <class name="Sample.PetClinicTest">
        <test-method status="PASS" signature="beforeTest()[pri:0, instance:Sample.PetClinicTest@34ce8af7]" name="beforeTest" is-config="true" duration-ms="10782" started-at="2016-04-20T11:57:37Z" finished-at="2016-04-20T11:57:47Z">
          <reporter-output>
          </reporter-output>
        </test-method> <!-- beforeTest -->
        <test-method status="PASS" signature="testEasy()[pri:0, instance:Sample.PetClinicTest@34ce8af7]" name="testEasy" duration-ms="19915" started-at="2016-04-20T11:57:48Z" finished-at="2016-04-20T11:58:07Z">
          <reporter-output>
          </reporter-output>
        </test-method> <!-- testEasy -->
        <test-method status="PASS" signature="afterTest()[pri:0, instance:Sample.PetClinicTest@34ce8af7]" name="afterTest" is-config="true" duration-ms="313" started-at="2016-04-20T11:58:07Z" finished-at="2016-04-20T11:58:08Z">
          <reporter-output>
          </reporter-output>
        </test-method> <!-- afterTest -->
      </class> <!-- Sample.PetClinicTest -->
    </test> <!-- Test -->
  </suite> <!-- Suite -->
</testng-results>
